<?xml version="1.0" encoding="UTF-8"?>
<!-- Generated by org.testng.reporters.JUnitReportReporter -->
<testsuite hostname="PIO-PC339" failures="3" tests="23" name="com.MedRev.suits.test.AnalysisViewTest" time="1584.194" errors="2" timestamp="2022-10-10T19:25:56 IST" skipped="0">
  <testcase classname="com.MedRev.suits.test.AnalysisViewTest" name="analysis" time="32.896"/>
  <system-out>
    <![CDATA[Verify the Total Time Frame Rating column on Your Bussiness Statistic Section]]>
  </system-out>
  <testcase classname="com.MedRev.suits.test.AnalysisViewTest" name="analysis" time="31.045"/>
  <system-out>
    <![CDATA[Verify the Google  Rating Section ]]>
  </system-out>
  <testcase classname="com.MedRev.suits.test.AnalysisViewTest" name="analysis" time="32.828"/>
  <system-out>
    <![CDATA[Verify the Select time frame functionality ]]>
  </system-out>
  <testcase classname="com.MedRev.suits.test.AnalysisViewTest" name="analysis" time="161.180">
    <failure message="did not expect [1.82] but found [1.82]" type="java.lang.AssertionError">
      <![CDATA[java.lang.AssertionError: did not expect [1.82] but found [1.82]
at org.testng.Assert.fail(Assert.java:99)
at org.testng.Assert.failEquals(Assert.java:1041)
at org.testng.Assert.assertNotEqualsImpl(Assert.java:147)
at org.testng.Assert.assertNotEquals(Assert.java:1531)
at org.testng.Assert.assertNotEquals(Assert.java:1535)
at com.MedRev.feature.Analysis.verifyTotalTimeframeRatingBusinessStatisticsSection(Analysis.java:834)
at com.MedRev.suits.test.AnalysisViewTest.analysis(AnalysisViewTest.java:124)
at java.base/jdk.internal.reflect.DirectMethodHandleAccessor.invoke(DirectMethodHandleAccessor.java:104)
at java.base/java.lang.reflect.Method.invoke(Method.java:577)
at org.testng.internal.MethodInvocationHelper.invokeMethod(MethodInvocationHelper.java:133)
at org.testng.internal.TestInvoker.invokeMethod(TestInvoker.java:598)
at org.testng.internal.TestInvoker.invokeTestMethod(TestInvoker.java:173)
at org.testng.internal.MethodRunner.runInSequence(MethodRunner.java:46)
at org.testng.internal.TestInvoker$MethodInvocationAgent.invoke(TestInvoker.java:824)
at org.testng.internal.TestInvoker.invokeTestMethods(TestInvoker.java:146)
at org.testng.internal.TestMethodWorker.invokeTestMethods(TestMethodWorker.java:146)
at org.testng.internal.TestMethodWorker.run(TestMethodWorker.java:128)
at java.base/java.util.ArrayList.forEach(ArrayList.java:1511)
at org.testng.TestRunner.privateRun(TestRunner.java:794)
at org.testng.TestRunner.run(TestRunner.java:596)
at org.testng.SuiteRunner.runTest(SuiteRunner.java:377)
at org.testng.SuiteRunner.runSequentially(SuiteRunner.java:371)
at org.testng.SuiteRunner.privateRun(SuiteRunner.java:332)
at org.testng.SuiteRunner.run(SuiteRunner.java:276)
at org.testng.SuiteRunnerWorker.runSuite(SuiteRunnerWorker.java:53)
at org.testng.SuiteRunnerWorker.run(SuiteRunnerWorker.java:96)
at org.testng.TestNG.runSuitesSequentially(TestNG.java:1212)
at org.testng.TestNG.runSuitesLocally(TestNG.java:1134)
at org.testng.TestNG.runSuites(TestNG.java:1063)
at org.testng.TestNG.run(TestNG.java:1031)
at org.testng.remote.AbstractRemoteTestNG.run(AbstractRemoteTestNG.java:115)
at org.testng.remote.RemoteTestNG.initAndRun(RemoteTestNG.java:251)
at org.testng.remote.RemoteTestNG.main(RemoteTestNG.java:77)
]]>
    </failure>
  </testcase> <!-- analysis -->
  <system-out>
    <![CDATA[Verify the Total Time Frame Rating column on Your Bussiness Statistic Section
Click on Send Survey Button 
Clcik on Send Survey Button 
Click on Send Survey Button 
Clcik on Send Survey Button ]]>
  </system-out>
  <testcase classname="com.MedRev.suits.test.AnalysisViewTest" name="analysis" time="54.423"/>
  <system-out>
    <![CDATA[Verify that data is correctly displayed for selected Respondent and Survey Type]]>
  </system-out>
  <testcase classname="com.MedRev.suits.test.AnalysisViewTest" name="analysis" time="56.826"/>
  <system-out>
    <![CDATA[Verify the Survey Type   Dropdown when  General Statistic  is selected under Filter By Survey Section]]>
  </system-out>
  <testcase classname="com.MedRev.suits.test.AnalysisViewTest" name="analysis" time="27.451"/>
  <system-out>
    <![CDATA[Verify the Respondent Type Dropdown when Client is selected from Filter By Survey Section]]>
  </system-out>
  <testcase classname="com.MedRev.suits.test.AnalysisViewTest" name="analysis" time="137.488">
    <error message="Expected condition failed: waiting for element to be clickable: Proxy element for: DefaultElementLocator &#039;By.xpath: (//div[@class=&#039;col-6&#039;]/select)[1]&#039; (tried for 15 second(s) with 500 milliseconds interval)" type="org.openqa.selenium.TimeoutException">
      <![CDATA[org.openqa.selenium.TimeoutException: Expected condition failed: waiting for element to be clickable: Proxy element for: DefaultElementLocator 'By.xpath: (//div[@class='col-6']/select)[1]' (tried for 15 second(s) with 500 milliseconds interval)
at org.openqa.selenium.support.ui.WebDriverWait.timeoutException(WebDriverWait.java:87)
at org.openqa.selenium.support.ui.FluentWait.until(FluentWait.java:231)
at com.packages.common.WebElementUtility.selectRespondentFunctionality(WebElementUtility.java:160)
at com.MedRev.feature.Analysis.verifySurveyCommentNegativeword(Analysis.java:481)
at com.MedRev.suits.test.AnalysisViewTest.analysis(AnalysisViewTest.java:88)
at java.base/jdk.internal.reflect.DirectMethodHandleAccessor.invoke(DirectMethodHandleAccessor.java:104)
at java.base/java.lang.reflect.Method.invoke(Method.java:577)
at org.testng.internal.MethodInvocationHelper.invokeMethod(MethodInvocationHelper.java:133)
at org.testng.internal.TestInvoker.invokeMethod(TestInvoker.java:598)
at org.testng.internal.TestInvoker.invokeTestMethod(TestInvoker.java:173)
at org.testng.internal.MethodRunner.runInSequence(MethodRunner.java:46)
at org.testng.internal.TestInvoker$MethodInvocationAgent.invoke(TestInvoker.java:824)
at org.testng.internal.TestInvoker.invokeTestMethods(TestInvoker.java:146)
at org.testng.internal.TestMethodWorker.invokeTestMethods(TestMethodWorker.java:146)
at org.testng.internal.TestMethodWorker.run(TestMethodWorker.java:128)
at java.base/java.util.ArrayList.forEach(ArrayList.java:1511)
at org.testng.TestRunner.privateRun(TestRunner.java:794)
at org.testng.TestRunner.run(TestRunner.java:596)
at org.testng.SuiteRunner.runTest(SuiteRunner.java:377)
at org.testng.SuiteRunner.runSequentially(SuiteRunner.java:371)
at org.testng.SuiteRunner.privateRun(SuiteRunner.java:332)
at org.testng.SuiteRunner.run(SuiteRunner.java:276)
at org.testng.SuiteRunnerWorker.runSuite(SuiteRunnerWorker.java:53)
at org.testng.SuiteRunnerWorker.run(SuiteRunnerWorker.java:96)
at org.testng.TestNG.runSuitesSequentially(TestNG.java:1212)
at org.testng.TestNG.runSuitesLocally(TestNG.java:1134)
at org.testng.TestNG.runSuites(TestNG.java:1063)
at org.testng.TestNG.run(TestNG.java:1031)
at org.testng.remote.AbstractRemoteTestNG.run(AbstractRemoteTestNG.java:115)
at org.testng.remote.RemoteTestNG.initAndRun(RemoteTestNG.java:251)
at org.testng.remote.RemoteTestNG.main(RemoteTestNG.java:77)
Caused by: org.openqa.selenium.NoSuchElementException: Unable to locate element: (//div[@class='col-6']/select)[1]
For documentation on this error, please visit: https://selenium.dev/exceptions/#no_such_element
Build info: version: '4.2.2', revision: '683ccb65d6'
System info: host: 'PIO-PC339', ip: '192.168.1.73', os.name: 'Windows 10', os.arch: 'amd64', os.version: '10.0', java.version: '18.0.1.1'
Driver info: org.openqa.selenium.firefox.FirefoxDriver
Command: [c16b3282-9698-4d37-b667-85e7c7bfd2e1, findElement {using=xpath, value=(//div[@class='col-6']/select)[1]}]
Capabilities {acceptInsecureCerts: true, browserName: firefox, browserVersion: 105.0.2, moz:accessibilityChecks: false, moz:buildID: 20221003135607, moz:debuggerAddress: 127.0.0.1:65178, moz:geckodriverVersion: 0.31.0, moz:headless: false, moz:platformVersion: 10.0, moz:processID: 14104, moz:profile: C:\Users\ROHITC~1\AppData\L..., moz:shutdownTimeout: 60000, moz:useNonSpecCompliantPointerOrigin: false, moz:webdriverClick: true, moz:windowless: false, pageLoadStrategy: normal, platformName: WINDOWS, proxy: Proxy(), se:cdp: ws://127.0.0.1:65178/devtoo..., se:cdpVersion: 85.0, setWindowRect: true, strictFileInteractability: false, timeouts: {implicit: 0, pageLoad: 300000, script: 30000}, unhandledPromptBehavior: dismiss and notify}
Session ID: c16b3282-9698-4d37-b667-85e7c7bfd2e1
at java.base/jdk.internal.reflect.DirectConstructorHandleAccessor.newInstance(DirectConstructorHandleAccessor.java:67)
at java.base/java.lang.reflect.Constructor.newInstanceWithCaller(Constructor.java:499)
at java.base/java.lang.reflect.Constructor.newInstance(Constructor.java:483)
at org.openqa.selenium.remote.codec.w3c.W3CHttpResponseCodec.createException(W3CHttpResponseCodec.java:200)
at org.openqa.selenium.remote.codec.w3c.W3CHttpResponseCodec.decode(W3CHttpResponseCodec.java:133)
at org.openqa.selenium.remote.codec.w3c.W3CHttpResponseCodec.decode(W3CHttpResponseCodec.java:53)
at org.openqa.selenium.remote.HttpCommandExecutor.execute(HttpCommandExecutor.java:184)
at org.openqa.selenium.remote.service.DriverCommandExecutor.invokeExecute(DriverCommandExecutor.java:167)
at org.openqa.selenium.remote.service.DriverCommandExecutor.execute(DriverCommandExecutor.java:142)
at org.openqa.selenium.remote.RemoteWebDriver.execute(RemoteWebDriver.java:588)
at org.openqa.selenium.remote.ElementLocation$ElementFinder$2.findElement(ElementLocation.java:162)
at org.openqa.selenium.remote.ElementLocation.findElement(ElementLocation.java:60)
at org.openqa.selenium.remote.RemoteWebDriver.findElement(RemoteWebDriver.java:406)
at org.openqa.selenium.remote.RemoteWebDriver.findElement(RemoteWebDriver.java:398)
at org.openqa.selenium.support.pagefactory.DefaultElementLocator.findElement(DefaultElementLocator.java:70)
at org.openqa.selenium.support.pagefactory.internal.LocatingElementHandler.invoke(LocatingElementHandler.java:39)
at jdk.proxy2/jdk.proxy2.$Proxy20.isDisplayed(Unknown Source)
at org.openqa.selenium.support.ui.ExpectedConditions.elementIfVisible(ExpectedConditions.java:307)
at org.openqa.selenium.support.ui.ExpectedConditions.access$000(ExpectedConditions.java:40)
at org.openqa.selenium.support.ui.ExpectedConditions$10.apply(ExpectedConditions.java:293)
at org.openqa.selenium.support.ui.ExpectedConditions$10.apply(ExpectedConditions.java:290)
at org.openqa.selenium.support.ui.ExpectedConditions$23.apply(ExpectedConditions.java:660)
at org.openqa.selenium.support.ui.ExpectedConditions$23.apply(ExpectedConditions.java:656)
at org.openqa.selenium.support.ui.FluentWait.until(FluentWait.java:208)
... 29 more
]]>
    </error>
  </testcase> <!-- analysis -->
  <system-out>
    <![CDATA[Verify section Survey Comment  most used negative word
Click on Send Survey Button 
Clcik on Send Survey Button ]]>
  </system-out>
  <testcase classname="com.MedRev.suits.test.AnalysisViewTest" name="analysis" time="40.685"/>
  <system-out>
    <![CDATA[Verify the Survey Type Dropdown when option other than General Statistic  is selected]]>
  </system-out>
  <testcase classname="com.MedRev.suits.test.AnalysisViewTest" name="analysis" time="125.020">
    <failure message="Data iS not Sorted expected [true] but found [false]" type="java.lang.AssertionError">
      <![CDATA[java.lang.AssertionError: Data iS not Sorted expected [true] but found [false]
at org.testng.Assert.fail(Assert.java:99)
at org.testng.Assert.failNotEquals(Assert.java:1037)
at org.testng.Assert.assertTrue(Assert.java:45)
at com.MedRev.asserts.DashboardAsserts.assertTrueCondition(DashboardAsserts.java:87)
at com.MedRev.feature.Analysis.verifySurveyCommentPositiveword(Analysis.java:586)
at com.MedRev.suits.test.AnalysisViewTest.analysis(AnalysisViewTest.java:96)
at java.base/jdk.internal.reflect.DirectMethodHandleAccessor.invoke(DirectMethodHandleAccessor.java:104)
at java.base/java.lang.reflect.Method.invoke(Method.java:577)
at org.testng.internal.MethodInvocationHelper.invokeMethod(MethodInvocationHelper.java:133)
at org.testng.internal.TestInvoker.invokeMethod(TestInvoker.java:598)
at org.testng.internal.TestInvoker.invokeTestMethod(TestInvoker.java:173)
at org.testng.internal.MethodRunner.runInSequence(MethodRunner.java:46)
at org.testng.internal.TestInvoker$MethodInvocationAgent.invoke(TestInvoker.java:824)
at org.testng.internal.TestInvoker.invokeTestMethods(TestInvoker.java:146)
at org.testng.internal.TestMethodWorker.invokeTestMethods(TestMethodWorker.java:146)
at org.testng.internal.TestMethodWorker.run(TestMethodWorker.java:128)
at java.base/java.util.ArrayList.forEach(ArrayList.java:1511)
at org.testng.TestRunner.privateRun(TestRunner.java:794)
at org.testng.TestRunner.run(TestRunner.java:596)
at org.testng.SuiteRunner.runTest(SuiteRunner.java:377)
at org.testng.SuiteRunner.runSequentially(SuiteRunner.java:371)
at org.testng.SuiteRunner.privateRun(SuiteRunner.java:332)
at org.testng.SuiteRunner.run(SuiteRunner.java:276)
at org.testng.SuiteRunnerWorker.runSuite(SuiteRunnerWorker.java:53)
at org.testng.SuiteRunnerWorker.run(SuiteRunnerWorker.java:96)
at org.testng.TestNG.runSuitesSequentially(TestNG.java:1212)
at org.testng.TestNG.runSuitesLocally(TestNG.java:1134)
at org.testng.TestNG.runSuites(TestNG.java:1063)
at org.testng.TestNG.run(TestNG.java:1031)
at org.testng.remote.AbstractRemoteTestNG.run(AbstractRemoteTestNG.java:115)
at org.testng.remote.RemoteTestNG.initAndRun(RemoteTestNG.java:251)
at org.testng.remote.RemoteTestNG.main(RemoteTestNG.java:77)
]]>
    </failure>
  </testcase> <!-- analysis -->
  <system-out>
    <![CDATA[Verify section Survey Comment  most used positive word
Click on Send Survey Button 
Clcik on Send Survey Button ]]>
  </system-out>
  <testcase classname="com.MedRev.suits.test.AnalysisViewTest" name="analysis" time="41.531"/>
  <system-out>
    <![CDATA[Verify the Survey Sent  column on Your Bussiness Statistic Section  with respective General statistic
Click on Send Survey Button 
Clcik on Send Survey Button ]]>
  </system-out>
  <testcase classname="com.MedRev.suits.test.AnalysisViewTest" name="analysis" time="101.299"/>
  <system-out>
    <![CDATA[Verify the Good/bad column on Your Business Statistic Section  with respective specific survey
Click on Send Survey Button 
Clcik on Send Survey Button ]]>
  </system-out>
  <testcase classname="com.MedRev.suits.test.AnalysisViewTest" name="analysis" time="113.447"/>
  <system-out>
    <![CDATA[Verify the Survey Question Rating 
Click on Send Survey Button 
Clcik on Send Survey Button ]]>
  </system-out>
  <testcase classname="com.MedRev.suits.test.AnalysisViewTest" name="analysis" time="49.066"/>
  <system-out>
    <![CDATA[Verify the Your Business Statistic Section
Click on Send Survey Button 
Clcik on Send Survey Button ]]>
  </system-out>
  <testcase classname="com.MedRev.suits.test.AnalysisViewTest" name="analysis" time="93.561"/>
  <system-out>
    <![CDATA[Verify the Good/bad column on Your Business Statistic Section  with respective General statistic
Click on Send Survey Button 
Clcik on Send Survey Button ]]>
  </system-out>
  <testcase classname="com.MedRev.suits.test.AnalysisViewTest" name="analysis" time="42.576"/>
  <system-out>
    <![CDATA[Verify the Total Email Sent  column on Your Business Statistic Section  with respective General statistic
Click on Send Survey Button 
Clcik on Send Survey Button ]]>
  </system-out>
  <testcase classname="com.MedRev.suits.test.AnalysisViewTest" name="analysis" time="26.039"/>
  <system-out>
    <![CDATA[Verify the Total Text Sent  column on Your Business Statistic Section]]>
  </system-out>
  <testcase classname="com.MedRev.suits.test.AnalysisViewTest" name="analysis" time="47.531"/>
  <system-out>
    <![CDATA[Verify the Respondent Type Dropdown when  All Respondent is selected]]>
  </system-out>
  <testcase classname="com.MedRev.suits.test.AnalysisViewTest" name="analysis" time="42.360"/>
  <system-out>
    <![CDATA[Verify the Respondent Type Dropdown when other type is selected]]>
  </system-out>
  <testcase classname="com.MedRev.suits.test.AnalysisViewTest" name="analysis" time="91.282">
    <error message="Expected condition failed: waiting for element to be clickable: [[FirefoxDriver: firefox on WINDOWS (75f96ec9-cb4f-48b8-b00f-eabfe271c40a)] -&gt; css selector: div#pcoded li:nth-child(1) &gt; div &gt; i] (tried for 15 second(s) with 500 milliseconds interval)
Build info: version: &#039;4.2.2&#039;, revision: &#039;683ccb65d6&#039;
System info: host: &#039;PIO-PC339&#039;, ip: &#039;192.168.1.73&#039;, os.name: &#039;Windows 10&#039;, os.arch: &#039;amd64&#039;, os.version: &#039;10.0&#039;, java.version: &#039;18.0.1.1&#039;
Driver info: org.openqa.selenium.firefox.FirefoxDriver
Capabilities {acceptInsecureCerts: true, browserName: firefox, browserVersion: 105.0.2, moz:accessibilityChecks: false, moz:buildID: 20221003135607, moz:debuggerAddress: 127.0.0.1:63372, moz:geckodriverVersion: 0.31.0, moz:headless: false, moz:platformVersion: 10.0, moz:processID: 23360, moz:profile: C:\Users\ROHITC~1\AppData\L..., moz:shutdownTimeout: 60000, moz:useNonSpecCompliantPointerOrigin: false, moz:webdriverClick: true, moz:windowless: false, pageLoadStrategy: normal, platformName: WINDOWS, proxy: Proxy(), se:cdp: ws://127.0.0.1:63372/devtoo..., se:cdpVersion: 85.0, setWindowRect: true, strictFileInteractability: false, timeouts: {implicit: 0, pageLoad: 300000, script: 30000}, unhandledPromptBehavior: dismiss and notify}
Session ID: 75f96ec9-cb4f-48b8-b00f-eabfe271c40a" type="org.openqa.selenium.TimeoutException">
      <![CDATA[org.openqa.selenium.TimeoutException: Expected condition failed: waiting for element to be clickable: [[FirefoxDriver: firefox on WINDOWS (75f96ec9-cb4f-48b8-b00f-eabfe271c40a)] -> css selector: div#pcoded li:nth-child(1) > div > i] (tried for 15 second(s) with 500 milliseconds interval)
Build info: version: '4.2.2', revision: '683ccb65d6'
System info: host: 'PIO-PC339', ip: '192.168.1.73', os.name: 'Windows 10', os.arch: 'amd64', os.version: '10.0', java.version: '18.0.1.1'
Driver info: org.openqa.selenium.firefox.FirefoxDriver
Capabilities {acceptInsecureCerts: true, browserName: firefox, browserVersion: 105.0.2, moz:accessibilityChecks: false, moz:buildID: 20221003135607, moz:debuggerAddress: 127.0.0.1:63372, moz:geckodriverVersion: 0.31.0, moz:headless: false, moz:platformVersion: 10.0, moz:processID: 23360, moz:profile: C:\Users\ROHITC~1\AppData\L..., moz:shutdownTimeout: 60000, moz:useNonSpecCompliantPointerOrigin: false, moz:webdriverClick: true, moz:windowless: false, pageLoadStrategy: normal, platformName: WINDOWS, proxy: Proxy(), se:cdp: ws://127.0.0.1:63372/devtoo..., se:cdpVersion: 85.0, setWindowRect: true, strictFileInteractability: false, timeouts: {implicit: 0, pageLoad: 300000, script: 30000}, unhandledPromptBehavior: dismiss and notify}
Session ID: 75f96ec9-cb4f-48b8-b00f-eabfe271c40a
at org.openqa.selenium.support.ui.WebDriverWait.timeoutException(WebDriverWait.java:87)
at org.openqa.selenium.support.ui.FluentWait.until(FluentWait.java:231)
at com.packages.common.WebElementUtility.click(WebElementUtility.java:149)
at com.MedRev.feature.Dashboard.gotoTabAnalysis(Dashboard.java:1163)
at com.MedRev.feature.Analysis.verifySurveyCommentMostUsedWord(Analysis.java:630)
at com.MedRev.suits.test.AnalysisViewTest.analysis(AnalysisViewTest.java:100)
at java.base/jdk.internal.reflect.DirectMethodHandleAccessor.invoke(DirectMethodHandleAccessor.java:104)
at java.base/java.lang.reflect.Method.invoke(Method.java:577)
at org.testng.internal.MethodInvocationHelper.invokeMethod(MethodInvocationHelper.java:133)
at org.testng.internal.TestInvoker.invokeMethod(TestInvoker.java:598)
at org.testng.internal.TestInvoker.invokeTestMethod(TestInvoker.java:173)
at org.testng.internal.MethodRunner.runInSequence(MethodRunner.java:46)
at org.testng.internal.TestInvoker$MethodInvocationAgent.invoke(TestInvoker.java:824)
at org.testng.internal.TestInvoker.invokeTestMethods(TestInvoker.java:146)
at org.testng.internal.TestMethodWorker.invokeTestMethods(TestMethodWorker.java:146)
at org.testng.internal.TestMethodWorker.run(TestMethodWorker.java:128)
at java.base/java.util.ArrayList.forEach(ArrayList.java:1511)
at org.testng.TestRunner.privateRun(TestRunner.java:794)
at org.testng.TestRunner.run(TestRunner.java:596)
at org.testng.SuiteRunner.runTest(SuiteRunner.java:377)
at org.testng.SuiteRunner.runSequentially(SuiteRunner.java:371)
at org.testng.SuiteRunner.privateRun(SuiteRunner.java:332)
at org.testng.SuiteRunner.run(SuiteRunner.java:276)
at org.testng.SuiteRunnerWorker.runSuite(SuiteRunnerWorker.java:53)
at org.testng.SuiteRunnerWorker.run(SuiteRunnerWorker.java:96)
at org.testng.TestNG.runSuitesSequentially(TestNG.java:1212)
at org.testng.TestNG.runSuitesLocally(TestNG.java:1134)
at org.testng.TestNG.runSuites(TestNG.java:1063)
at org.testng.TestNG.run(TestNG.java:1031)
at org.testng.remote.AbstractRemoteTestNG.run(AbstractRemoteTestNG.java:115)
at org.testng.remote.RemoteTestNG.initAndRun(RemoteTestNG.java:251)
at org.testng.remote.RemoteTestNG.main(RemoteTestNG.java:77)
]]>
    </error>
  </testcase> <!-- analysis -->
  <system-out>
    <![CDATA[Verify section Survey Comment  most used word
Click on Send Survey Button 
Clcik on Send Survey Button ]]>
  </system-out>
  <testcase classname="com.MedRev.suits.test.AnalysisViewTest" name="analysis" time="154.652">
    <failure message="did not expect [Neutral/Mixed: -0.04] but found [Neutral/Mixed: -0.04]" type="java.lang.AssertionError">
      <![CDATA[java.lang.AssertionError: did not expect [Neutral/Mixed: -0.04] but found [Neutral/Mixed: -0.04]
at org.testng.Assert.fail(Assert.java:99)
at org.testng.Assert.failEquals(Assert.java:1041)
at org.testng.Assert.assertNotEqualsImpl(Assert.java:147)
at org.testng.Assert.assertNotEquals(Assert.java:1531)
at org.testng.Assert.assertNotEquals(Assert.java:1535)
at com.MedRev.feature.Analysis.verifySurveyCommentsSentimentsRatingSection(Analysis.java:691)
at com.MedRev.suits.test.AnalysisViewTest.analysis(AnalysisViewTest.java:104)
at java.base/jdk.internal.reflect.DirectMethodHandleAccessor.invoke(DirectMethodHandleAccessor.java:104)
at java.base/java.lang.reflect.Method.invoke(Method.java:577)
at org.testng.internal.MethodInvocationHelper.invokeMethod(MethodInvocationHelper.java:133)
at org.testng.internal.TestInvoker.invokeMethod(TestInvoker.java:598)
at org.testng.internal.TestInvoker.invokeTestMethod(TestInvoker.java:173)
at org.testng.internal.MethodRunner.runInSequence(MethodRunner.java:46)
at org.testng.internal.TestInvoker$MethodInvocationAgent.invoke(TestInvoker.java:824)
at org.testng.internal.TestInvoker.invokeTestMethods(TestInvoker.java:146)
at org.testng.internal.TestMethodWorker.invokeTestMethods(TestMethodWorker.java:146)
at org.testng.internal.TestMethodWorker.run(TestMethodWorker.java:128)
at java.base/java.util.ArrayList.forEach(ArrayList.java:1511)
at org.testng.TestRunner.privateRun(TestRunner.java:794)
at org.testng.TestRunner.run(TestRunner.java:596)
at org.testng.SuiteRunner.runTest(SuiteRunner.java:377)
at org.testng.SuiteRunner.runSequentially(SuiteRunner.java:371)
at org.testng.SuiteRunner.privateRun(SuiteRunner.java:332)
at org.testng.SuiteRunner.run(SuiteRunner.java:276)
at org.testng.SuiteRunnerWorker.runSuite(SuiteRunnerWorker.java:53)
at org.testng.SuiteRunnerWorker.run(SuiteRunnerWorker.java:96)
at org.testng.TestNG.runSuitesSequentially(TestNG.java:1212)
at org.testng.TestNG.runSuitesLocally(TestNG.java:1134)
at org.testng.TestNG.runSuites(TestNG.java:1063)
at org.testng.TestNG.run(TestNG.java:1031)
at org.testng.remote.AbstractRemoteTestNG.run(AbstractRemoteTestNG.java:115)
at org.testng.remote.RemoteTestNG.initAndRun(RemoteTestNG.java:251)
at org.testng.remote.RemoteTestNG.main(RemoteTestNG.java:77)
]]>
    </failure>
  </testcase> <!-- analysis -->
  <system-out>
    <![CDATA[Verify the Survey Comments Sentiment  Rating Section
Click on Send Survey Button 
Clcik on Send Survey Button 
Click on Send Survey Button 
Clcik on Send Survey Button ]]>
  </system-out>
  <testcase classname="com.MedRev.suits.test.AnalysisViewTest" name="analysis" time="52.938"/>
  <system-out>
    <![CDATA[Verify the Analysis Functionality ]]>
  </system-out>
  <testcase classname="com.MedRev.suits.test.AnalysisViewTest" name="analysis" time="28.070"/>
  <system-out>
    <![CDATA[Verify the Facebook  Rating Section]]>
  </system-out>
</testsuite> <!-- com.MedRev.suits.test.AnalysisViewTest -->
